#-----------------------------------------------------------
# Vivado v2024.1 (64-bit)
# SW Build 5076996 on Wed May 22 18:37:14 MDT 2024
# IP Build 5075265 on Wed May 22 21:45:21 MDT 2024
# SharedData Build 5076995 on Wed May 22 18:29:18 MDT 2024
# Start of session at: Sun Dec 22 15:26:08 2024
# Process ID: 21760
# Current directory: D:/chenm/nycu/DCL/Lab/FP_finalversion/Lab10
# Command line: vivado.exe -gui_launcher_event rodinguilauncherevent17248 D:\chenm\nycu\DCL\Lab\FP_finalversion\Lab10\lab10.xpr
# Log file: D:/chenm/nycu/DCL/Lab/FP_finalversion/Lab10/vivado.log
# Journal file: D:/chenm/nycu/DCL/Lab/FP_finalversion/Lab10\vivado.jou
# Running On        :MSI
# Platform          :Windows Server 2016 or Windows 10
# Operating System  :22631
# Processor Detail  :Intel(R) Core(TM) i7-10750H CPU @ 2.60GHz
# CPU Frequency     :2592 MHz
# CPU Physical cores:6
# CPU Logical cores :12
# Host memory       :8403 MB
# Swap memory       :18253 MB
# Total Virtual     :26656 MB
# Available Virtual :16256 MB
#-----------------------------------------------------------
start_gui
open_project D:/chenm/nycu/DCL/Lab/FP_finalversion/Lab10/lab10.xpr
